[debug] [2024-03-12T16:18:30.071Z] ----------------------------------------------------------------------
[debug] [2024-03-12T16:18:30.074Z] Command:       /usr/local/Cellar/node/21.6.1/bin/node /usr/local/bin/firebase init
[debug] [2024-03-12T16:18:30.075Z] CLI Version:   13.4.1
[debug] [2024-03-12T16:18:30.075Z] Platform:      darwin
[debug] [2024-03-12T16:18:30.075Z] Node Version:  v21.6.1
[debug] [2024-03-12T16:18:30.076Z] Time:          Tue Mar 12 2024 17:18:30 GMT+0100 (Central European Standard Time)
[debug] [2024-03-12T16:18:30.076Z] ----------------------------------------------------------------------
[debug] 
[debug] [2024-03-12T16:18:30.084Z] > command requires scopes: ["email","openid","https://www.googleapis.com/auth/cloudplatformprojects.readonly","https://www.googleapis.com/auth/firebase","https://www.googleapis.com/auth/cloud-platform"]
[debug] [2024-03-12T16:18:30.085Z] > authorizing via signed-in user (eserbina652@gmail.com)
[info] 
     ######## #### ########  ######## ########     ###     ######  ########
     ##        ##  ##     ## ##       ##     ##  ##   ##  ##       ##
     ######    ##  ########  ######   ########  #########  ######  ######
     ##        ##  ##    ##  ##       ##     ## ##     ##       ## ##
     ##       #### ##     ## ######## ########  ##     ##  ######  ########

You're about to initialize a Firebase project in this directory:

  /Users/y_shcherbina/Desktop/firebase_basics

[info] 
=== Project Setup
[info] 
[info] First, let's associate this project directory with a Firebase project.
[info] You can create multiple project aliases by running firebase use --add, 
[info] but for now we'll just set up a default project.
[info] 
[debug] [2024-03-12T16:19:37.380Z] >>> [apiv2][query] GET https://firebase.googleapis.com/v1beta1/projects pageSize=100
[debug] [2024-03-12T16:19:37.896Z] <<< [apiv2][status] GET https://firebase.googleapis.com/v1beta1/projects 200
[debug] [2024-03-12T16:19:37.896Z] <<< [apiv2][body] GET https://firebase.googleapis.com/v1beta1/projects [omitted]
[info] i  Using project learning-firebase-ea376 (Learning Firebase) 
[info] 
=== Hosting Setup
[debug] [2024-03-12T16:20:07.970Z] >>> [apiv2][query] GET https://firebase.googleapis.com/v1beta1/projects/learning-firebase-ea376 [none]
[debug] [2024-03-12T16:20:08.279Z] <<< [apiv2][status] GET https://firebase.googleapis.com/v1beta1/projects/learning-firebase-ea376 200
[debug] [2024-03-12T16:20:08.279Z] <<< [apiv2][body] GET https://firebase.googleapis.com/v1beta1/projects/learning-firebase-ea376 {"projectId":"learning-firebase-ea376","projectNumber":"397130524257","displayName":"Learning Firebase","name":"projects/learning-firebase-ea376","resources":{"hostingSite":"learning-firebase-ea376","storageBucket":"learning-firebase-ea376.appspot.com","locationId":"europe-west"},"state":"ACTIVE","etag":"1_024b1776-fc39-4e98-85f9-dddfc4df0215"}
[info] 
[info] Your public directory is the folder (relative to your project directory) that
[info] will contain Hosting assets to be uploaded with firebase deploy. If you
[info] have a build process for your assets, use your build's output directory.
[info] 
[info] ✔  Wrote public/404.html 
[debug] [2024-03-12T16:21:01.101Z] >>> [apiv2][query] GET https://www.gstatic.com/firebasejs/releases.json [none]
[debug] [2024-03-12T16:21:01.191Z] <<< [apiv2][status] GET https://www.gstatic.com/firebasejs/releases.json 200
[debug] [2024-03-12T16:21:01.191Z] <<< [apiv2][body] GET https://www.gstatic.com/firebasejs/releases.json {"current":{"version":"10.8.1","browserURL":"https://www.gstatic.com/firebasejs/10.8.1/firebase.js","packageURL":"https://www.gstatic.com/firebasejs/10.8.1/firebase.tgz"},"live":{"version":"10.8","browserURL":"https://www.gstatic.com/firebasejs/live/10.8/firebase.js","packageURL":"https://www.gstatic.com/firebasejs/live/10.8/firebase.tgz"},"components":{"analytics":"https://www.gstatic.com/firebasejs/10.8.1/firebase-analytics.js","app":"https://www.gstatic.com/firebasejs/10.8.1/firebase-app.js","app-check":"https://www.gstatic.com/firebasejs/10.8.1/firebase-app-check.js","auth":"https://www.gstatic.com/firebasejs/10.8.1/firebase-auth.js","auth/cordova":"https://www.gstatic.com/firebasejs/10.8.1/firebase-auth/cordova.js","auth/web-extension":"https://www.gstatic.com/firebasejs/10.8.1/firebase-auth/web-extension.js","functions":"https://www.gstatic.com/firebasejs/10.8.1/firebase-functions.js","firestore":"https://www.gstatic.com/firebasejs/10.8.1/firebase-firestore.js","firestore/lite":"https://www.gstatic.com/firebasejs/10.8.1/firebase-firestore/lite.js","installations":"https://www.gstatic.com/firebasejs/10.8.1/firebase-installations.js","storage":"https://www.gstatic.com/firebasejs/10.8.1/firebase-storage.js","performance":"https://www.gstatic.com/firebasejs/10.8.1/firebase-performance.js","remote-config":"https://www.gstatic.com/firebasejs/10.8.1/firebase-remote-config.js","messaging":"https://www.gstatic.com/firebasejs/10.8.1/firebase-messaging.js","messaging/sw":"https://www.gstatic.com/firebasejs/10.8.1/firebase-messaging/sw.js","database":"https://www.gstatic.com/firebasejs/10.8.1/firebase-database.js","firestore.memory":"https://www.gstatic.com/firebasejs/10.8.1/firebase-firestore.memory.js"}}
[info] i  Skipping write of public/index.html 
[info] 
[info] i  Detected a .git folder at /Users/y_shcherbina/Desktop/firebase_basics 
[info] i  Authorizing with GitHub to upload your service account to a GitHub repository's secrets store. 
[info] 
[info] Visit this URL on this device to log in:
[info] https://github.com/login/oauth/authorize?client_id=89cf50f02ac6aaed3484&state=354584766&redirect_uri=http%3A%2F%2Flocalhost%3A9005&scope=read%3Auser%20repo%20public_repo
[info] 
[info] Waiting for authentication...
[debug] [2024-03-12T16:21:33.787Z] >>> [apiv2][query] POST https://github.com/login/oauth/access_token [none]
[debug] [2024-03-12T16:21:33.788Z] >>> [apiv2][body] POST https://github.com/login/oauth/access_token [stream]
[debug] [2024-03-12T16:21:34.087Z] <<< [apiv2][status] POST https://github.com/login/oauth/access_token 200
[debug] [2024-03-12T16:21:34.087Z] <<< [apiv2][body] POST https://github.com/login/oauth/access_token {"access_token":"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","token_type":"bearer","scope":"read:user,repo"}
[debug] [2024-03-12T16:21:34.105Z] >>> [apiv2][query] GET https://api.github.com/user [none]
[debug] [2024-03-12T16:21:34.427Z] <<< [apiv2][status] GET https://api.github.com/user 200
[debug] [2024-03-12T16:21:34.428Z] <<< [apiv2][body] GET https://api.github.com/user {"login":"eserbina652","id":104371452,"node_id":"U_kgDOBjiU_A","avatar_url":"https://avatars.githubusercontent.com/u/104371452?v=4","gravatar_id":"","url":"https://api.github.com/users/eserbina652","html_url":"https://github.com/eserbina652","followers_url":"https://api.github.com/users/eserbina652/followers","following_url":"https://api.github.com/users/eserbina652/following{/other_user}","gists_url":"https://api.github.com/users/eserbina652/gists{/gist_id}","starred_url":"https://api.github.com/users/eserbina652/starred{/owner}{/repo}","subscriptions_url":"https://api.github.com/users/eserbina652/subscriptions","organizations_url":"https://api.github.com/users/eserbina652/orgs","repos_url":"https://api.github.com/users/eserbina652/repos","events_url":"https://api.github.com/users/eserbina652/events{/privacy}","received_events_url":"https://api.github.com/users/eserbina652/received_events","type":"User","site_admin":false,"name":"Yevheniia","company":null,"blog":"","location":null,"email":null,"hireable":null,"bio":"I'm a Junior Frontend Developer, you can check my repositories if you want : )","twitter_username":null,"public_repos":16,"public_gists":0,"followers":7,"following":0,"created_at":"2022-04-25T14:08:23Z","updated_at":"2024-03-12T16:21:30Z","private_gists":0,"total_private_repos":4,"owned_private_repos":4,"disk_usage":62669,"collaborators":2,"two_factor_authentication":false,"plan":{"name":"free","space":976562499,"collaborators":0,"private_repos":10000}}
[info] 
[info] ✔  Success! Logged into GitHub as eserbina652 
[info] 
